[2025-10-26 18:56:05] ls
[2025-10-26 18:56:06] re
[2025-10-26 18:58:06] fwdfe
[2025-10-26 18:58:18] dsad
[2025-10-26 18:58:18] a
[2025-10-26 18:58:48] ls
[2025-10-26 19:01:30] lds
[2025-10-26 19:06:56] ls -l /dfs
[2025-10-26 19:27:19] ls
[2025-10-26 19:28:20] python -u "c:\Documents\Python\Lab_2\src\commands.py"
[2025-10-26 19:28:28] python -u "c:\Documents\Python\Lab_2\src\commands.py"
[2025-10-26 19:28:41] ls
[2025-10-26 19:28:43] ls
[2025-10-26 19:28:55] python -u "c:\Documents\Python\Lab_2\src\main.py"
[2025-10-26 19:29:08] python -u "c:\Documents\Python\Lab_2\src\main.py"
[2025-10-26 19:29:10] ls
[2025-10-26 19:37:00] ls
[2025-10-26 19:43:08] python -u "c:\Documents\Python\Lab_2\src\commands.py"
[2025-10-26 19:43:11] ls
[2025-10-26 19:45:54] ls
[2025-10-26 20:15:25] ls
[2025-10-26 20:15:29] python -u "c:\Documents\Python\Lab_2\src\main.py"
[2025-10-26 20:15:34] ls
[2025-10-26 20:16:05] ls
[2025-10-26 20:16:13] ls
[2025-10-26 20:23:30] ls
[2025-10-26 20:25:05] ls
[2025-10-26 20:25:06] ls
[2025-10-26 20:25:35] ls
[2025-10-26 20:25:36] ls
[2025-10-26 20:25:45] ls
[2025-10-26 20:25:49] ls
[2025-10-26 20:25:50] ls
[2025-10-26 20:30:05] ls
[2025-10-26 20:30:13] ls
[2025-10-26 23:00:05] ls
[2025-10-26 23:33:29] ls
[2025-10-26 23:33:29] ls
[2025-10-26 23:33:31] ls
[2025-10-26 23:33:31] ls
[2025-10-26 23:33:37] ls
[2025-10-26 23:33:37] ls
[2025-10-26 23:35:16] ls
[2025-10-26 23:35:38] ls -l
[2025-10-26 23:38:11] ls -l
[2025-10-26 23:38:14] ls
[2025-10-26 23:38:21] ls
[2025-10-26 23:38:59] ls
[2025-10-26 23:39:06] ls
[2025-10-26 23:39:50] ls
[2025-10-26 23:40:00] ls
[2025-10-26 23:44:13] ls -l
[2025-10-26 23:44:19] ls
[2025-10-27 22:58:08] ls -l
